Dataset: DVLOG
Video Path: data/dvlog-dataset/dvlog-dataset
Audio Path: data/dvlog-dataset/dvlog-dataset
Face Path: data/dvlog-dataset/dvlog-dataset
Label Path: data/dvlog-dataset/dvlog-dataset/labels.csv
labels.csv 过滤: 961 -> 961 (磁盘上存在的样本)

--- DVLOG 固定划分统计 ---
Train: 647 samples, 分布: {'depression': 375, 'normal': 272}
Dev:   102 samples,   分布: {'depression': 57, 'normal': 45}
Test:  212 samples,  分布: {'depression': 123, 'normal': 89}
[set_all_seeds] seed=41, cudnn.deterministic=True, strict_deterministic_algos=True

==================== Seed 41 ====================
[ES-INIT] monitor=macro_f1 best_monitor=-inf ema_monitor=-inf ema_loss_val=None
[IMPORT-CHECK] MultiModalDataLoader from /root/autodl-tmp/LMVD_new/model/vitGCN/kfoldLoader_multimodal.py
[IMPORT-CHECK] collate_fn_multimodal from /root/autodl-tmp/LMVD_new/model/vitGCN/kfoldLoader_multimodal.py
[IMPORT-CHECK] ViT_GCN_Fusion from /root/autodl-tmp/LMVD_new/model/vitGCN/Vit_gcnmodel.py
[IMPORT-CHECK] MultiModalDataLoader.__init__ signature: (self, file_list, video_feature_path, audio_feature_path, face_landmark_path, label_path, T_target=915, mode='train', dataset='LMVD', uniform_ratio=0.5, dvlog_aug_noise_std=0.005, dvlog_audio_mask_ratio=0.03, segment_len=0)
[IMPORT-CHECK] FocalBCELoss.forward signature: (self, logits, target, sample_weight=None)
[MultiModalDataLoader] DVLOG 标签已缓存: 961 条
[MultiModalDataLoader] DVLOG aug config: noise_std=0.005, audio_mask_ratio=0.03, uniform_ratio=0.7
[MultiModalDataLoader] DVLOG 标签已缓存: 961 条
[MultiModalDataLoader] DVLOG aug config: noise_std=0.005, audio_mask_ratio=0.03, uniform_ratio=0.7
[MultiModalDataLoader] DVLOG 标签已缓存: 961 条
[MultiModalDataLoader] DVLOG aug config: noise_std=0.005, audio_mask_ratio=0.03, uniform_ratio=0.7
DataLoaders Ready: Train=41, Dev=13, Test=27
[SEG] train_T=870, train_segment_len=0, eval_sliding=True, eval_stride=128
[Model] Fusion mode: late, sd=0.0, dropout=0.1
[EMA] USE_MODEL_EMA=True, decay=0.995
[AUG] DVLOG preset=weak, noise_std=0.005, audio_mask_ratio=0.03, uniform_ratio=0.7
[MIL] USE_SEGMENT_MIL=True, seg_len=300, k_train=4, k_eval=8, train_agg=weighted_mean, eval_agg=weighted_mean
[class_weight] counts=[272.0, 375.0]  weights=[1.0801090002059937, 0.9198910593986511]
[train/seed_41] LOSS_MODE=focal_no_pw  gamma=2.0  pos_weight=1.0 (disabled)
[train/seed_41] eff_lr=1.00e-04  (base_lr=1.00e-04, fusion_mode=late, LOSS_MODE=focal_no_pw)
[FaceValid][Train Epoch 1] valid_mean=0.757, low(<0.2)=0.243
[Recon][Epoch 1] recon_v_mse=0.277279  recon_g_mse=0.718215  recon_total_weighted=0.049775  recon_lam=0.05  steps=41
[SEG-CHECK][Epoch 1] seg_len_eff=870
[SEG-CHECK][Epoch 1] first_batch_T=870
[SEG-CHECK][Epoch 1] actual_lens_mean=511.70
[SW-CHECK][Epoch 1] sw_mean=0.8976, sw_lt1_ratio=0.1280
[FaceValid][Train Epoch 2] valid_mean=0.749, low(<0.2)=0.251
[Recon][Epoch 2] recon_v_mse=0.308087  recon_g_mse=0.698134  recon_total_weighted=0.050311  recon_lam=0.05  steps=41
[SEG-CHECK][Epoch 2] seg_len_eff=870
[SEG-CHECK][Epoch 2] first_batch_T=870
[SEG-CHECK][Epoch 2] actual_lens_mean=512.20
[SW-CHECK][Epoch 2] sw_mean=0.8960, sw_lt1_ratio=0.1300
[FaceValid][Train Epoch 3] valid_mean=0.751, low(<0.2)=0.249
[Recon][Epoch 3] recon_v_mse=0.323099  recon_g_mse=0.630748  recon_total_weighted=0.047692  recon_lam=0.05  steps=41
[SEG-CHECK][Epoch 3] seg_len_eff=870
[SEG-CHECK][Epoch 3] first_batch_T=870
[SEG-CHECK][Epoch 3] actual_lens_mean=510.65
[SW-CHECK][Epoch 3] sw_mean=0.8929, sw_lt1_ratio=0.1339
[FaceValid][Train Epoch 4] valid_mean=0.749, low(<0.2)=0.251
[Recon][Epoch 4] recon_v_mse=0.327996  recon_g_mse=0.491443  recon_total_weighted=0.040972  recon_lam=0.05  steps=41
[SEG-CHECK][Epoch 4] seg_len_eff=870
[SEG-CHECK][Epoch 4] first_batch_T=870
[SEG-CHECK][Epoch 4] actual_lens_mean=511.74
[SW-CHECK][Epoch 4] sw_mean=0.8944, sw_lt1_ratio=0.1320
[FaceValid][Train Epoch 5] valid_mean=0.753, low(<0.2)=0.247
[Recon][Epoch 5] recon_v_mse=0.262007  recon_g_mse=0.337307  recon_total_weighted=0.029966  recon_lam=0.05  steps=41
[SEG-CHECK][Epoch 5] seg_len_eff=870
[SEG-CHECK][Epoch 5] first_batch_T=870
[SEG-CHECK][Epoch 5] actual_lens_mean=512.31
[SW-CHECK][Epoch 5] sw_mean=0.8960, sw_lt1_ratio=0.1300
[FaceValid][Train Epoch 6] valid_mean=0.755, low(<0.2)=0.245
[Recon][Epoch 6] recon_v_mse=0.180930  recon_g_mse=0.197891  recon_total_weighted=0.018941  recon_lam=0.05  steps=41
[SEG-CHECK][Epoch 6] seg_len_eff=870
[SEG-CHECK][Epoch 6] first_batch_T=870
[SEG-CHECK][Epoch 6] actual_lens_mean=510.15
[SW-CHECK][Epoch 6] sw_mean=0.8960, sw_lt1_ratio=0.1300
[FaceValid][Train Epoch 7] valid_mean=0.754, low(<0.2)=0.246
[Recon][Epoch 7] recon_v_mse=0.173568  recon_g_mse=0.115105  recon_total_weighted=0.014434  recon_lam=0.05  steps=41
[SEG-CHECK][Epoch 7] seg_len_eff=870
[SEG-CHECK][Epoch 7] first_batch_T=870
[SEG-CHECK][Epoch 7] actual_lens_mean=511.59
[SW-CHECK][Epoch 7] sw_mean=0.8976, sw_lt1_ratio=0.1280
[FaceValid][Train Epoch 8] valid_mean=0.754, low(<0.2)=0.246
[Recon][Epoch 8] recon_v_mse=0.227317  recon_g_mse=0.064512  recon_total_weighted=0.014591  recon_lam=0.05  steps=41
[SEG-CHECK][Epoch 8] seg_len_eff=870
[SEG-CHECK][Epoch 8] first_batch_T=870
[SEG-CHECK][Epoch 8] actual_lens_mean=510.50
[SW-CHECK][Epoch 8] sw_mean=0.8960, sw_lt1_ratio=0.1300
[FaceValid][Train Epoch 9] valid_mean=0.754, low(<0.2)=0.246
[Recon][Epoch 9] recon_v_mse=0.210181  recon_g_mse=0.053304  recon_total_weighted=0.013174  recon_lam=0.05  steps=41
[SEG-CHECK][Epoch 9] seg_len_eff=870
[SEG-CHECK][Epoch 9] first_batch_T=870
[SEG-CHECK][Epoch 9] actual_lens_mean=509.95
[SW-CHECK][Epoch 9] sw_mean=0.8960, sw_lt1_ratio=0.1300
[FaceValid][Train Epoch 10] valid_mean=0.752, low(<0.2)=0.248
[Recon][Epoch 10] recon_v_mse=0.201482  recon_g_mse=0.036217  recon_total_weighted=0.011885  recon_lam=0.05  steps=41
[SEG-CHECK][Epoch 10] seg_len_eff=870
[SEG-CHECK][Epoch 10] first_batch_T=870
[SEG-CHECK][Epoch 10] actual_lens_mean=511.29
[SW-CHECK][Epoch 10] sw_mean=0.8944, sw_lt1_ratio=0.1320
*******dev********
[EVAL-PATH][dev] using _forward_fusion_eval_logits (sliding=True, seg_len=300, stride=128)
[EVAL-BATCH] T_cur=870, seg_len=300, max_valid_mean=616.12, actual_lens_mean=616.12, pad_ratio_excluded=0.2918
[EVAL-WINDOW] T_cur=870, seg_len=300, max_valid=420, pad_ratio_excluded=0.5172, starts=5, kept=4, min_valid_ratio=0.4, weighted=True

[DEV Epoch 10] Confusion Matrix (rows=true, cols=pred, label order [0,1]):
[[29 16]
 [18 39]]
[DEV] Class-0(Normal)    : P=0.6170  R=0.6444  F1=0.6304
[DEV] Class-1(Depression): P=0.7091  R=0.6842  F1=0.6964
[DEV] Macro              : P=0.6631  R=0.6643  F1=0.6634

[DEV] Threshold sweep: best_thr=0.51  sweep_F1=0.6665  argmax_F1=0.6634
  [BestModel] argmax_F1=0.6634 @epoch 10 | thr=0.51
Dev epoch:10, Loss:0.15623350097582892,Acc:66.66666412353516%
[ES] epoch=10 monitor=macro_f1 cur_macro_f1=0.6634 ema_macro_f1=0.6634 best_macro_f1=-inf improved=True
  [EMA] best_ema checkpoint saved at epoch 10 (EMA Macro-F1=0.6634)
[FaceValid][Train Epoch 11] valid_mean=0.751, low(<0.2)=0.249
[Recon][Epoch 11] recon_v_mse=0.196366  recon_g_mse=0.032231  recon_total_weighted=0.011430  recon_lam=0.05  steps=41
[SEG-CHECK][Epoch 11] seg_len_eff=870
[SEG-CHECK][Epoch 11] first_batch_T=870
[SEG-CHECK][Epoch 11] actual_lens_mean=508.24
[SW-CHECK][Epoch 11] sw_mean=0.8944, sw_lt1_ratio=0.1320
*******dev********
[EVAL-PATH][dev] using _forward_fusion_eval_logits (sliding=True, seg_len=300, stride=128)

[DEV Epoch 11] Confusion Matrix (rows=true, cols=pred, label order [0,1]):
[[19 26]
 [ 6 51]]
[DEV] Class-0(Normal)    : P=0.7600  R=0.4222  F1=0.5429
[DEV] Class-1(Depression): P=0.6623  R=0.8947  F1=0.7612
[DEV] Macro              : P=0.7112  R=0.6585  F1=0.6520

[DEV] Threshold sweep: best_thr=0.55  sweep_F1=0.7076  argmax_F1=0.6520
Dev epoch:11, Loss:0.15614536633858314,Acc:68.62744903564453%
[ES] epoch=11 monitor=macro_f1 cur_macro_f1=0.6520 ema_macro_f1=0.6600 best_macro_f1=0.6634 improved=False
[FaceValid][Train Epoch 12] valid_mean=0.751, low(<0.2)=0.249
[Recon][Epoch 12] recon_v_mse=0.209472  recon_g_mse=0.027230  recon_total_weighted=0.011835  recon_lam=0.05  steps=41
[SEG-CHECK][Epoch 12] seg_len_eff=870
[SEG-CHECK][Epoch 12] first_batch_T=870
[SEG-CHECK][Epoch 12] actual_lens_mean=510.44
[SW-CHECK][Epoch 12] sw_mean=0.8960, sw_lt1_ratio=0.1300
*******dev********
[EVAL-PATH][dev] using _forward_fusion_eval_logits (sliding=True, seg_len=300, stride=128)

[DEV Epoch 12] Confusion Matrix (rows=true, cols=pred, label order [0,1]):
[[34 11]
 [29 28]]
[DEV] Class-0(Normal)    : P=0.5397  R=0.7556  F1=0.6296
[DEV] Class-1(Depression): P=0.7179  R=0.4912  F1=0.5833
[DEV] Macro              : P=0.6288  R=0.6234  F1=0.6065

[DEV] Threshold sweep: best_thr=0.45  sweep_F1=0.7167  argmax_F1=0.6065
Dev epoch:12, Loss:0.1587911517574237,Acc:60.7843132019043%
[ES] epoch=12 monitor=macro_f1 cur_macro_f1=0.6065 ema_macro_f1=0.6440 best_macro_f1=0.6634 improved=False
[FaceValid][Train Epoch 13] valid_mean=0.752, low(<0.2)=0.248
[Recon][Epoch 13] recon_v_mse=0.166615  recon_g_mse=0.028182  recon_total_weighted=0.009740  recon_lam=0.05  steps=41
[SEG-CHECK][Epoch 13] seg_len_eff=870
[SEG-CHECK][Epoch 13] first_batch_T=870
[SEG-CHECK][Epoch 13] actual_lens_mean=509.62
[SW-CHECK][Epoch 13] sw_mean=0.8960, sw_lt1_ratio=0.1300
*******dev********
[EVAL-PATH][dev] using _forward_fusion_eval_logits (sliding=True, seg_len=300, stride=128)

[DEV Epoch 13] Confusion Matrix (rows=true, cols=pred, label order [0,1]):
[[24 21]
 [12 45]]
[DEV] Class-0(Normal)    : P=0.6667  R=0.5333  F1=0.5926
[DEV] Class-1(Depression): P=0.6818  R=0.7895  F1=0.7317
[DEV] Macro              : P=0.6742  R=0.6614  F1=0.6621

[DEV] Threshold sweep: best_thr=0.50  sweep_F1=0.6621  argmax_F1=0.6621
Dev epoch:13, Loss:0.16125212208582804,Acc:67.64705657958984%
[ES] epoch=13 monitor=macro_f1 cur_macro_f1=0.6621 ema_macro_f1=0.6494 best_macro_f1=0.6634 improved=False
[FaceValid][Train Epoch 14] valid_mean=0.754, low(<0.2)=0.246
[Recon][Epoch 14] recon_v_mse=0.125559  recon_g_mse=0.022024  recon_total_weighted=0.007379  recon_lam=0.05  steps=41
[SEG-CHECK][Epoch 14] seg_len_eff=870
[SEG-CHECK][Epoch 14] first_batch_T=870
[SEG-CHECK][Epoch 14] actual_lens_mean=510.00
[SW-CHECK][Epoch 14] sw_mean=0.8960, sw_lt1_ratio=0.1300
*******dev********
[EVAL-PATH][dev] using _forward_fusion_eval_logits (sliding=True, seg_len=300, stride=128)

[DEV Epoch 14] Confusion Matrix (rows=true, cols=pred, label order [0,1]):
[[28 17]
 [15 42]]
[DEV] Class-0(Normal)    : P=0.6512  R=0.6222  F1=0.6364
[DEV] Class-1(Depression): P=0.7119  R=0.7368  F1=0.7241
[DEV] Macro              : P=0.6815  R=0.6795  F1=0.6803

[DEV] Threshold sweep: best_thr=0.49  sweep_F1=0.6941  argmax_F1=0.6803
  [BestModel] argmax_F1=0.6803 @epoch 14 | thr=0.49
Dev epoch:14, Loss:0.15378497942135885,Acc:68.62744903564453%
[ES] epoch=14 monitor=macro_f1 cur_macro_f1=0.6803 ema_macro_f1=0.6587 best_macro_f1=0.6634 improved=False
[FaceValid][Train Epoch 15] valid_mean=0.752, low(<0.2)=0.248
[Recon][Epoch 15] recon_v_mse=0.138494  recon_g_mse=0.020819  recon_total_weighted=0.007966  recon_lam=0.05  steps=41
[SEG-CHECK][Epoch 15] seg_len_eff=870
[SEG-CHECK][Epoch 15] first_batch_T=870
[SEG-CHECK][Epoch 15] actual_lens_mean=510.17
[SW-CHECK][Epoch 15] sw_mean=0.8944, sw_lt1_ratio=0.1320
*******dev********
[EVAL-PATH][dev] using _forward_fusion_eval_logits (sliding=True, seg_len=300, stride=128)

[DEV Epoch 15] Confusion Matrix (rows=true, cols=pred, label order [0,1]):
[[28 17]
 [12 45]]
[DEV] Class-0(Normal)    : P=0.7000  R=0.6222  F1=0.6588
[DEV] Class-1(Depression): P=0.7258  R=0.7895  F1=0.7563
[DEV] Macro              : P=0.7129  R=0.7058  F1=0.7076

[DEV] Threshold sweep: best_thr=0.50  sweep_F1=0.7076  argmax_F1=0.7076
  [BestModel] argmax_F1=0.7076 @epoch 15 | thr=0.50
Dev epoch:15, Loss:0.15342597147593132,Acc:71.5686264038086%
[ES] epoch=15 monitor=macro_f1 cur_macro_f1=0.7076 ema_macro_f1=0.6733 best_macro_f1=0.6634 improved=True
  [EMA] best_ema checkpoint saved at epoch 15 (EMA Macro-F1=0.6733)
[FaceValid][Train Epoch 16] valid_mean=0.748, low(<0.2)=0.252
[Recon][Epoch 16] recon_v_mse=0.127444  recon_g_mse=0.018837  recon_total_weighted=0.007314  recon_lam=0.05  steps=41
[SEG-CHECK][Epoch 16] seg_len_eff=870
[SEG-CHECK][Epoch 16] first_batch_T=870
[SEG-CHECK][Epoch 16] actual_lens_mean=511.28
[SW-CHECK][Epoch 16] sw_mean=0.8944, sw_lt1_ratio=0.1320
*******dev********
[EVAL-PATH][dev] using _forward_fusion_eval_logits (sliding=True, seg_len=300, stride=128)

[DEV Epoch 16] Confusion Matrix (rows=true, cols=pred, label order [0,1]):
[[14 31]
 [ 6 51]]
[DEV] Class-0(Normal)    : P=0.7000  R=0.3111  F1=0.4308
[DEV] Class-1(Depression): P=0.6220  R=0.8947  F1=0.7338
[DEV] Macro              : P=0.6610  R=0.6029  F1=0.5823

[DEV] Threshold sweep: best_thr=0.59  sweep_F1=0.6739  argmax_F1=0.5823
Dev epoch:16, Loss:0.16438013028640014,Acc:63.72549057006836%
[ES] epoch=16 monitor=macro_f1 cur_macro_f1=0.5823 ema_macro_f1=0.6460 best_macro_f1=0.6733 improved=False
[FaceValid][Train Epoch 17] valid_mean=0.755, low(<0.2)=0.245
[Recon][Epoch 17] recon_v_mse=0.184103  recon_g_mse=0.027290  recon_total_weighted=0.010570  recon_lam=0.05  steps=41
[SEG-CHECK][Epoch 17] seg_len_eff=870
[SEG-CHECK][Epoch 17] first_batch_T=870
[SEG-CHECK][Epoch 17] actual_lens_mean=510.62
[SW-CHECK][Epoch 17] sw_mean=0.8944, sw_lt1_ratio=0.1320
*******dev********
[EVAL-PATH][dev] using _forward_fusion_eval_logits (sliding=True, seg_len=300, stride=128)

[DEV Epoch 17] Confusion Matrix (rows=true, cols=pred, label order [0,1]):
[[19 26]
 [ 9 48]]
[DEV] Class-0(Normal)    : P=0.6786  R=0.4222  F1=0.5205
[DEV] Class-1(Depression): P=0.6486  R=0.8421  F1=0.7328
[DEV] Macro              : P=0.6636  R=0.6322  F1=0.6267

[DEV] Threshold sweep: best_thr=0.56  sweep_F1=0.6662  argmax_F1=0.6267
Dev epoch:17, Loss:0.16360313789202616,Acc:65.68627166748047%
[ES] epoch=17 monitor=macro_f1 cur_macro_f1=0.6267 ema_macro_f1=0.6402 best_macro_f1=0.6733 improved=False
[FaceValid][Train Epoch 18] valid_mean=0.755, low(<0.2)=0.245
[Recon][Epoch 18] recon_v_mse=0.217035  recon_g_mse=0.033021  recon_total_weighted=0.012503  recon_lam=0.05  steps=41
[SEG-CHECK][Epoch 18] seg_len_eff=870
[SEG-CHECK][Epoch 18] first_batch_T=870
[SEG-CHECK][Epoch 18] actual_lens_mean=509.31
[SW-CHECK][Epoch 18] sw_mean=0.8929, sw_lt1_ratio=0.1339
*******dev********
[EVAL-PATH][dev] using _forward_fusion_eval_logits (sliding=True, seg_len=300, stride=128)

[DEV Epoch 18] Confusion Matrix (rows=true, cols=pred, label order [0,1]):
[[27 18]
 [17 40]]
[DEV] Class-0(Normal)    : P=0.6136  R=0.6000  F1=0.6067
[DEV] Class-1(Depression): P=0.6897  R=0.7018  F1=0.6957
[DEV] Macro              : P=0.6516  R=0.6509  F1=0.6512

[DEV] Threshold sweep: best_thr=0.46  sweep_F1=0.6868  argmax_F1=0.6512
Dev epoch:18, Loss:0.1555971956023803,Acc:65.68627166748047%
[ES] epoch=18 monitor=macro_f1 cur_macro_f1=0.6512 ema_macro_f1=0.6435 best_macro_f1=0.6733 improved=False
[FaceValid][Train Epoch 19] valid_mean=0.755, low(<0.2)=0.245
[Recon][Epoch 19] recon_v_mse=0.158186  recon_g_mse=0.028407  recon_total_weighted=0.009330  recon_lam=0.05  steps=41
[SEG-CHECK][Epoch 19] seg_len_eff=870
[SEG-CHECK][Epoch 19] first_batch_T=870
[SEG-CHECK][Epoch 19] actual_lens_mean=512.05
[SW-CHECK][Epoch 19] sw_mean=0.8960, sw_lt1_ratio=0.1300
*******dev********
[EVAL-PATH][dev] using _forward_fusion_eval_logits (sliding=True, seg_len=300, stride=128)

[DEV Epoch 19] Confusion Matrix (rows=true, cols=pred, label order [0,1]):
[[28 17]
 [19 38]]
[DEV] Class-0(Normal)    : P=0.5957  R=0.6222  F1=0.6087
[DEV] Class-1(Depression): P=0.6909  R=0.6667  F1=0.6786
[DEV] Macro              : P=0.6433  R=0.6444  F1=0.6436

[DEV] Threshold sweep: best_thr=0.47  sweep_F1=0.6533  argmax_F1=0.6436
Dev epoch:19, Loss:0.16126264459811723,Acc:64.70587921142578%
[ES] epoch=19 monitor=macro_f1 cur_macro_f1=0.6436 ema_macro_f1=0.6435 best_macro_f1=0.6733 improved=False
[FaceValid][Train Epoch 20] valid_mean=0.752, low(<0.2)=0.248
[Recon][Epoch 20] recon_v_mse=0.118380  recon_g_mse=0.021259  recon_total_weighted=0.006982  recon_lam=0.05  steps=41
[SEG-CHECK][Epoch 20] seg_len_eff=870
[SEG-CHECK][Epoch 20] first_batch_T=870
[SEG-CHECK][Epoch 20] actual_lens_mean=512.37
[SW-CHECK][Epoch 20] sw_mean=0.8976, sw_lt1_ratio=0.1280
*******dev********
[EVAL-PATH][dev] using _forward_fusion_eval_logits (sliding=True, seg_len=300, stride=128)

[DEV Epoch 20] Confusion Matrix (rows=true, cols=pred, label order [0,1]):
[[31 14]
 [23 34]]
[DEV] Class-0(Normal)    : P=0.5741  R=0.6889  F1=0.6263
[DEV] Class-1(Depression): P=0.7083  R=0.5965  F1=0.6476
[DEV] Macro              : P=0.6412  R=0.6427  F1=0.6369

[DEV] Threshold sweep: best_thr=0.48  sweep_F1=0.6767  argmax_F1=0.6369
Dev epoch:20, Loss:0.16021467802616265,Acc:63.72549057006836%
[ES] epoch=20 monitor=macro_f1 cur_macro_f1=0.6369 ema_macro_f1=0.6416 best_macro_f1=0.6733 improved=False
[FaceValid][Train Epoch 21] valid_mean=0.754, low(<0.2)=0.246
[Recon][Epoch 21] recon_v_mse=0.092751  recon_g_mse=0.017802  recon_total_weighted=0.005528  recon_lam=0.05  steps=41
[SEG-CHECK][Epoch 21] seg_len_eff=870
[SEG-CHECK][Epoch 21] first_batch_T=870
[SEG-CHECK][Epoch 21] actual_lens_mean=510.88
[SW-CHECK][Epoch 21] sw_mean=0.8976, sw_lt1_ratio=0.1280
*******dev********
[EVAL-PATH][dev] using _forward_fusion_eval_logits (sliding=True, seg_len=300, stride=128)

[DEV Epoch 21] Confusion Matrix (rows=true, cols=pred, label order [0,1]):
[[32 13]
 [22 35]]
[DEV] Class-0(Normal)    : P=0.5926  R=0.7111  F1=0.6465
[DEV] Class-1(Depression): P=0.7292  R=0.6140  F1=0.6667
[DEV] Macro              : P=0.6609  R=0.6626  F1=0.6566

[DEV] Threshold sweep: best_thr=0.49  sweep_F1=0.6655  argmax_F1=0.6566
Dev epoch:21, Loss:0.16546723934320304,Acc:65.68627166748047%
[ES] epoch=21 monitor=macro_f1 cur_macro_f1=0.6566 ema_macro_f1=0.6461 best_macro_f1=0.6733 improved=False
[FaceValid][Train Epoch 22] valid_mean=0.759, low(<0.2)=0.241
[Recon][Epoch 22] recon_v_mse=0.092658  recon_g_mse=0.015457  recon_total_weighted=0.005406  recon_lam=0.05  steps=41
[SEG-CHECK][Epoch 22] seg_len_eff=870
[SEG-CHECK][Epoch 22] first_batch_T=870
[SEG-CHECK][Epoch 22] actual_lens_mean=508.90
[SW-CHECK][Epoch 22] sw_mean=0.8960, sw_lt1_ratio=0.1300
*******dev********
[EVAL-PATH][dev] using _forward_fusion_eval_logits (sliding=True, seg_len=300, stride=128)

[DEV Epoch 22] Confusion Matrix (rows=true, cols=pred, label order [0,1]):
[[12 33]
 [ 6 51]]
[DEV] Class-0(Normal)    : P=0.6667  R=0.2667  F1=0.3810
[DEV] Class-1(Depression): P=0.6071  R=0.8947  F1=0.7234
[DEV] Macro              : P=0.6369  R=0.5807  F1=0.5522

[DEV] Threshold sweep: best_thr=0.52  sweep_F1=0.6351  argmax_F1=0.5522
Dev epoch:22, Loss:0.18343480905661216,Acc:61.764705657958984%
[ES] epoch=22 monitor=macro_f1 cur_macro_f1=0.5522 ema_macro_f1=0.6179 best_macro_f1=0.6733 improved=False
[FaceValid][Train Epoch 23] valid_mean=0.755, low(<0.2)=0.245
[Recon][Epoch 23] recon_v_mse=0.088534  recon_g_mse=0.016043  recon_total_weighted=0.005229  recon_lam=0.05  steps=41
[SEG-CHECK][Epoch 23] seg_len_eff=870
[SEG-CHECK][Epoch 23] first_batch_T=870
[SEG-CHECK][Epoch 23] actual_lens_mean=509.71
[SW-CHECK][Epoch 23] sw_mean=0.8944, sw_lt1_ratio=0.1320
*******dev********
[EVAL-PATH][dev] using _forward_fusion_eval_logits (sliding=True, seg_len=300, stride=128)

[DEV Epoch 23] Confusion Matrix (rows=true, cols=pred, label order [0,1]):
[[29 16]
 [20 37]]
[DEV] Class-0(Normal)    : P=0.5918  R=0.6444  F1=0.6170
[DEV] Class-1(Depression): P=0.6981  R=0.6491  F1=0.6727
[DEV] Macro              : P=0.6450  R=0.6468  F1=0.6449

[DEV] Threshold sweep: best_thr=0.52  sweep_F1=0.6863  argmax_F1=0.6449
Dev epoch:23, Loss:0.16405382867042834,Acc:64.70587921142578%
[ES] epoch=23 monitor=macro_f1 cur_macro_f1=0.6449 ema_macro_f1=0.6260 best_macro_f1=0.6733 improved=False
[FaceValid][Train Epoch 24] valid_mean=0.756, low(<0.2)=0.244
[Recon][Epoch 24] recon_v_mse=0.089007  recon_g_mse=0.017106  recon_total_weighted=0.005306  recon_lam=0.05  steps=41
[SEG-CHECK][Epoch 24] seg_len_eff=870
[SEG-CHECK][Epoch 24] first_batch_T=870
[SEG-CHECK][Epoch 24] actual_lens_mean=509.82
[SW-CHECK][Epoch 24] sw_mean=0.8976, sw_lt1_ratio=0.1280
*******dev********
[EVAL-PATH][dev] using _forward_fusion_eval_logits (sliding=True, seg_len=300, stride=128)

[DEV Epoch 24] Confusion Matrix (rows=true, cols=pred, label order [0,1]):
[[35 10]
 [29 28]]
[DEV] Class-0(Normal)    : P=0.5469  R=0.7778  F1=0.6422
[DEV] Class-1(Depression): P=0.7368  R=0.4912  F1=0.5895
[DEV] Macro              : P=0.6419  R=0.6345  F1=0.6158

[DEV] Threshold sweep: best_thr=0.48  sweep_F1=0.6757  argmax_F1=0.6158
Dev epoch:24, Loss:0.1646502476472121,Acc:61.764705657958984%
[ES] epoch=24 monitor=macro_f1 cur_macro_f1=0.6158 ema_macro_f1=0.6229 best_macro_f1=0.6733 improved=False
[FaceValid][Train Epoch 25] valid_mean=0.753, low(<0.2)=0.247
[Recon][Epoch 25] recon_v_mse=0.080683  recon_g_mse=0.015888  recon_total_weighted=0.004829  recon_lam=0.05  steps=41
[SEG-CHECK][Epoch 25] seg_len_eff=870
[SEG-CHECK][Epoch 25] first_batch_T=870
[SEG-CHECK][Epoch 25] actual_lens_mean=512.64
[SW-CHECK][Epoch 25] sw_mean=0.8960, sw_lt1_ratio=0.1300
*******dev********
[EVAL-PATH][dev] using _forward_fusion_eval_logits (sliding=True, seg_len=300, stride=128)

[DEV Epoch 25] Confusion Matrix (rows=true, cols=pred, label order [0,1]):
[[20 25]
 [15 42]]
[DEV] Class-0(Normal)    : P=0.5714  R=0.4444  F1=0.5000
[DEV] Class-1(Depression): P=0.6269  R=0.7368  F1=0.6774
[DEV] Macro              : P=0.5991  R=0.5906  F1=0.5887

[DEV] Threshold sweep: best_thr=0.57  sweep_F1=0.6566  argmax_F1=0.5887
Dev epoch:25, Loss:0.17133624737079328,Acc:60.7843132019043%
[ES] epoch=25 monitor=macro_f1 cur_macro_f1=0.5887 ema_macro_f1=0.6127 best_macro_f1=0.6733 improved=False
[FaceValid][Train Epoch 26] valid_mean=0.757, low(<0.2)=0.243
[Recon][Epoch 26] recon_v_mse=0.096587  recon_g_mse=0.019574  recon_total_weighted=0.005808  recon_lam=0.05  steps=41
[SEG-CHECK][Epoch 26] seg_len_eff=870
[SEG-CHECK][Epoch 26] first_batch_T=870
[SEG-CHECK][Epoch 26] actual_lens_mean=509.77
[SW-CHECK][Epoch 26] sw_mean=0.8976, sw_lt1_ratio=0.1280
*******dev********
[EVAL-PATH][dev] using _forward_fusion_eval_logits (sliding=True, seg_len=300, stride=128)

[DEV Epoch 26] Confusion Matrix (rows=true, cols=pred, label order [0,1]):
[[16 29]
 [ 7 50]]
[DEV] Class-0(Normal)    : P=0.6957  R=0.3556  F1=0.4706
[DEV] Class-1(Depression): P=0.6329  R=0.8772  F1=0.7353
[DEV] Macro              : P=0.6643  R=0.6164  F1=0.6029

[DEV] Threshold sweep: best_thr=0.54  sweep_F1=0.6958  argmax_F1=0.6029
Dev epoch:26, Loss:0.1601324946834491,Acc:64.70587921142578%
[ES] epoch=26 monitor=macro_f1 cur_macro_f1=0.6029 ema_macro_f1=0.6098 best_macro_f1=0.6733 improved=False
[FaceValid][Train Epoch 27] valid_mean=0.753, low(<0.2)=0.247
[Recon][Epoch 27] recon_v_mse=0.113421  recon_g_mse=0.017478  recon_total_weighted=0.006545  recon_lam=0.05  steps=41
[SEG-CHECK][Epoch 27] seg_len_eff=870
[SEG-CHECK][Epoch 27] first_batch_T=870
[SEG-CHECK][Epoch 27] actual_lens_mean=508.76
[SW-CHECK][Epoch 27] sw_mean=0.8976, sw_lt1_ratio=0.1280
*******dev********
[EVAL-PATH][dev] using _forward_fusion_eval_logits (sliding=True, seg_len=300, stride=128)

[DEV Epoch 27] Confusion Matrix (rows=true, cols=pred, label order [0,1]):
[[32 13]
 [20 37]]
[DEV] Class-0(Normal)    : P=0.6154  R=0.7111  F1=0.6598
[DEV] Class-1(Depression): P=0.7400  R=0.6491  F1=0.6916
[DEV] Macro              : P=0.6777  R=0.6801  F1=0.6757

[DEV] Threshold sweep: best_thr=0.48  sweep_F1=0.6819  argmax_F1=0.6757
Dev epoch:27, Loss:0.15914073414527452,Acc:67.64705657958984%
[ES] epoch=27 monitor=macro_f1 cur_macro_f1=0.6757 ema_macro_f1=0.6295 best_macro_f1=0.6733 improved=False
[FaceValid][Train Epoch 28] valid_mean=0.753, low(<0.2)=0.247
[Recon][Epoch 28] recon_v_mse=0.092698  recon_g_mse=0.016798  recon_total_weighted=0.005475  recon_lam=0.05  steps=41
[SEG-CHECK][Epoch 28] seg_len_eff=870
[SEG-CHECK][Epoch 28] first_batch_T=870
[SEG-CHECK][Epoch 28] actual_lens_mean=511.27
[SW-CHECK][Epoch 28] sw_mean=0.8960, sw_lt1_ratio=0.1300
*******dev********
[EVAL-PATH][dev] using _forward_fusion_eval_logits (sliding=True, seg_len=300, stride=128)

[DEV Epoch 28] Confusion Matrix (rows=true, cols=pred, label order [0,1]):
[[31 14]
 [19 38]]
[DEV] Class-0(Normal)    : P=0.6200  R=0.6889  F1=0.6526
[DEV] Class-1(Depression): P=0.7308  R=0.6667  F1=0.6972
[DEV] Macro              : P=0.6754  R=0.6778  F1=0.6749

[DEV] Threshold sweep: best_thr=0.50  sweep_F1=0.6749  argmax_F1=0.6749
Dev epoch:28, Loss:0.17889766223155534,Acc:67.64705657958984%
[ES] epoch=28 monitor=macro_f1 cur_macro_f1=0.6749 ema_macro_f1=0.6432 best_macro_f1=0.6733 improved=False
[FaceValid][Train Epoch 29] valid_mean=0.751, low(<0.2)=0.249
[Recon][Epoch 29] recon_v_mse=0.096711  recon_g_mse=0.017554  recon_total_weighted=0.005713  recon_lam=0.05  steps=41
[SEG-CHECK][Epoch 29] seg_len_eff=870
[SEG-CHECK][Epoch 29] first_batch_T=870
[SEG-CHECK][Epoch 29] actual_lens_mean=509.23
[SW-CHECK][Epoch 29] sw_mean=0.8960, sw_lt1_ratio=0.1300
*******dev********
[EVAL-PATH][dev] using _forward_fusion_eval_logits (sliding=True, seg_len=300, stride=128)

[DEV Epoch 29] Confusion Matrix (rows=true, cols=pred, label order [0,1]):
[[34 11]
 [24 33]]
[DEV] Class-0(Normal)    : P=0.5862  R=0.7556  F1=0.6602
[DEV] Class-1(Depression): P=0.7500  R=0.5789  F1=0.6535
[DEV] Macro              : P=0.6681  R=0.6673  F1=0.6568

[DEV] Threshold sweep: best_thr=0.49  sweep_F1=0.6662  argmax_F1=0.6568
Dev epoch:29, Loss:0.17494785556426415,Acc:65.68627166748047%
[ES] epoch=29 monitor=macro_f1 cur_macro_f1=0.6568 ema_macro_f1=0.6473 best_macro_f1=0.6733 improved=False
[FaceValid][Train Epoch 30] valid_mean=0.754, low(<0.2)=0.246
[Recon][Epoch 30] recon_v_mse=0.116201  recon_g_mse=0.024515  recon_total_weighted=0.007036  recon_lam=0.05  steps=41
[SEG-CHECK][Epoch 30] seg_len_eff=870
[SEG-CHECK][Epoch 30] first_batch_T=870
[SEG-CHECK][Epoch 30] actual_lens_mean=509.89
[SW-CHECK][Epoch 30] sw_mean=0.8944, sw_lt1_ratio=0.1320
*******dev********
[EVAL-PATH][dev] using _forward_fusion_eval_logits (sliding=True, seg_len=300, stride=128)

[DEV Epoch 30] Confusion Matrix (rows=true, cols=pred, label order [0,1]):
[[32 13]
 [21 36]]
[DEV] Class-0(Normal)    : P=0.6038  R=0.7111  F1=0.6531
[DEV] Class-1(Depression): P=0.7347  R=0.6316  F1=0.6792
[DEV] Macro              : P=0.6692  R=0.6713  F1=0.6662

[DEV] Threshold sweep: best_thr=0.52  sweep_F1=0.6960  argmax_F1=0.6662
Dev epoch:30, Loss:0.16585111789978468,Acc:66.66666412353516%
[ES] epoch=30 monitor=macro_f1 cur_macro_f1=0.6662 ema_macro_f1=0.6529 best_macro_f1=0.6733 improved=False
[FaceValid][Train Epoch 31] valid_mean=0.751, low(<0.2)=0.249
[Recon][Epoch 31] recon_v_mse=0.103223  recon_g_mse=0.020812  recon_total_weighted=0.006202  recon_lam=0.05  steps=41
[SEG-CHECK][Epoch 31] seg_len_eff=870
[SEG-CHECK][Epoch 31] first_batch_T=870
[SEG-CHECK][Epoch 31] actual_lens_mean=508.49
[SW-CHECK][Epoch 31] sw_mean=0.8944, sw_lt1_ratio=0.1320
*******dev********
[EVAL-PATH][dev] using _forward_fusion_eval_logits (sliding=True, seg_len=300, stride=128)

[DEV Epoch 31] Confusion Matrix (rows=true, cols=pred, label order [0,1]):
[[31 14]
 [21 36]]
[DEV] Class-0(Normal)    : P=0.5962  R=0.6889  F1=0.6392
[DEV] Class-1(Depression): P=0.7200  R=0.6316  F1=0.6729
[DEV] Macro              : P=0.6581  R=0.6602  F1=0.6560

[DEV] Threshold sweep: best_thr=0.53  sweep_F1=0.6764  argmax_F1=0.6560
Dev epoch:31, Loss:0.16314612271694037,Acc:65.68627166748047%
[ES] epoch=31 monitor=macro_f1 cur_macro_f1=0.6560 ema_macro_f1=0.6539 best_macro_f1=0.6733 improved=False
[FaceValid][Train Epoch 32] valid_mean=0.753, low(<0.2)=0.247
[Recon][Epoch 32] recon_v_mse=0.099500  recon_g_mse=0.019328  recon_total_weighted=0.005941  recon_lam=0.05  steps=41
[SEG-CHECK][Epoch 32] seg_len_eff=870
[SEG-CHECK][Epoch 32] first_batch_T=870
[SEG-CHECK][Epoch 32] actual_lens_mean=511.18
[SW-CHECK][Epoch 32] sw_mean=0.8976, sw_lt1_ratio=0.1280
*******dev********
[EVAL-PATH][dev] using _forward_fusion_eval_logits (sliding=True, seg_len=300, stride=128)

[DEV Epoch 32] Confusion Matrix (rows=true, cols=pred, label order [0,1]):
[[23 22]
 [17 40]]
[DEV] Class-0(Normal)    : P=0.5750  R=0.5111  F1=0.5412
[DEV] Class-1(Depression): P=0.6452  R=0.7018  F1=0.6723
[DEV] Macro              : P=0.6101  R=0.6064  F1=0.6067

[DEV] Threshold sweep: best_thr=0.59  sweep_F1=0.7049  argmax_F1=0.6067
Dev epoch:32, Loss:0.16227392966930682,Acc:61.764705657958984%
[ES] epoch=32 monitor=macro_f1 cur_macro_f1=0.6067 ema_macro_f1=0.6397 best_macro_f1=0.6733 improved=False
[FaceValid][Train Epoch 33] valid_mean=0.752, low(<0.2)=0.248
[Recon][Epoch 33] recon_v_mse=0.091252  recon_g_mse=0.029132  recon_total_weighted=0.006019  recon_lam=0.05  steps=41
[SEG-CHECK][Epoch 33] seg_len_eff=870
[SEG-CHECK][Epoch 33] first_batch_T=870
[SEG-CHECK][Epoch 33] actual_lens_mean=510.66
[SW-CHECK][Epoch 33] sw_mean=0.8929, sw_lt1_ratio=0.1339
*******dev********
[EVAL-PATH][dev] using _forward_fusion_eval_logits (sliding=True, seg_len=300, stride=128)

[DEV Epoch 33] Confusion Matrix (rows=true, cols=pred, label order [0,1]):
[[33 12]
 [24 33]]
[DEV] Class-0(Normal)    : P=0.5789  R=0.7333  F1=0.6471
[DEV] Class-1(Depression): P=0.7333  R=0.5789  F1=0.6471
[DEV] Macro              : P=0.6561  R=0.6561  F1=0.6471

[DEV] Threshold sweep: best_thr=0.54  sweep_F1=0.6757  argmax_F1=0.6471
Dev epoch:33, Loss:0.1689547082552543,Acc:64.70587921142578%
[ES] epoch=33 monitor=macro_f1 cur_macro_f1=0.6471 ema_macro_f1=0.6419 best_macro_f1=0.6733 improved=False
[FaceValid][Train Epoch 34] valid_mean=0.754, low(<0.2)=0.246
[Recon][Epoch 34] recon_v_mse=0.096978  recon_g_mse=0.023339  recon_total_weighted=0.006016  recon_lam=0.05  steps=41
[SEG-CHECK][Epoch 34] seg_len_eff=870
[SEG-CHECK][Epoch 34] first_batch_T=870
[SEG-CHECK][Epoch 34] actual_lens_mean=509.78
[SW-CHECK][Epoch 34] sw_mean=0.8944, sw_lt1_ratio=0.1320
*******dev********
[EVAL-PATH][dev] using _forward_fusion_eval_logits (sliding=True, seg_len=300, stride=128)

[DEV Epoch 34] Confusion Matrix (rows=true, cols=pred, label order [0,1]):
[[34 11]
 [21 36]]
[DEV] Class-0(Normal)    : P=0.6182  R=0.7556  F1=0.6800
[DEV] Class-1(Depression): P=0.7660  R=0.6316  F1=0.6923
[DEV] Macro              : P=0.6921  R=0.6936  F1=0.6862

[DEV] Threshold sweep: best_thr=0.49  sweep_F1=0.6862  argmax_F1=0.6862
Dev epoch:34, Loss:0.17091776946416268,Acc:68.62744903564453%
[ES] epoch=34 monitor=macro_f1 cur_macro_f1=0.6862 ema_macro_f1=0.6552 best_macro_f1=0.6733 improved=False
[FaceValid][Train Epoch 35] valid_mean=0.755, low(<0.2)=0.245
[Recon][Epoch 35] recon_v_mse=0.116484  recon_g_mse=0.018966  recon_total_weighted=0.006773  recon_lam=0.05  steps=41
[SEG-CHECK][Epoch 35] seg_len_eff=870
[SEG-CHECK][Epoch 35] first_batch_T=870
[SEG-CHECK][Epoch 35] actual_lens_mean=511.14
[SW-CHECK][Epoch 35] sw_mean=0.8960, sw_lt1_ratio=0.1300
*******dev********
[EVAL-PATH][dev] using _forward_fusion_eval_logits (sliding=True, seg_len=300, stride=128)

[DEV Epoch 35] Confusion Matrix (rows=true, cols=pred, label order [0,1]):
[[24 21]
 [16 41]]
[DEV] Class-0(Normal)    : P=0.6000  R=0.5333  F1=0.5647
[DEV] Class-1(Depression): P=0.6613  R=0.7193  F1=0.6891
[DEV] Macro              : P=0.6306  R=0.6263  F1=0.6269

[DEV] Threshold sweep: best_thr=0.49  sweep_F1=0.6357  argmax_F1=0.6269
Dev epoch:35, Loss:0.20169436816985792,Acc:63.72549057006836%
[ES] epoch=35 monitor=macro_f1 cur_macro_f1=0.6269 ema_macro_f1=0.6467 best_macro_f1=0.6733 improved=False
Early stopping triggered! (EMA Macro-F1=0.6467)
Training Finished. Loading Best Model for Final Testing...
Successfully loaded EMA model (epoch 15) from models/DVLOG_late_03_08__20_26/seed_41/best_ema_model.pth
[Test] Loaded sweep threshold: 0.50  (sweep_F1=0.7076)
******* FINAL TEST ********
[EVAL-PATH][test] using _forward_fusion_eval_logits (sliding=True, seg_len=300, stride=128)
Final Test Accuracy: 68.87%
--- Fold Final Metrics ---
Acc: 68.87%, Precision: 0.6851, Recall: 0.6887, F1: 0.6828
[set_all_seeds] seed=42, cudnn.deterministic=True, strict_deterministic_algos=True

==================== Seed 42 ====================
[ES-INIT] monitor=macro_f1 best_monitor=-inf ema_monitor=-inf ema_loss_val=None
[IMPORT-CHECK] MultiModalDataLoader from /root/autodl-tmp/LMVD_new/model/vitGCN/kfoldLoader_multimodal.py
[IMPORT-CHECK] collate_fn_multimodal from /root/autodl-tmp/LMVD_new/model/vitGCN/kfoldLoader_multimodal.py
[IMPORT-CHECK] ViT_GCN_Fusion from /root/autodl-tmp/LMVD_new/model/vitGCN/Vit_gcnmodel.py
[IMPORT-CHECK] MultiModalDataLoader.__init__ signature: (self, file_list, video_feature_path, audio_feature_path, face_landmark_path, label_path, T_target=915, mode='train', dataset='LMVD', uniform_ratio=0.5, dvlog_aug_noise_std=0.005, dvlog_audio_mask_ratio=0.03, segment_len=0)
[IMPORT-CHECK] FocalBCELoss.forward signature: (self, logits, target, sample_weight=None)
[MultiModalDataLoader] DVLOG 标签已缓存: 961 条
[MultiModalDataLoader] DVLOG aug config: noise_std=0.005, audio_mask_ratio=0.03, uniform_ratio=0.7
[MultiModalDataLoader] DVLOG 标签已缓存: 961 条
[MultiModalDataLoader] DVLOG aug config: noise_std=0.005, audio_mask_ratio=0.03, uniform_ratio=0.7
[MultiModalDataLoader] DVLOG 标签已缓存: 961 条
[MultiModalDataLoader] DVLOG aug config: noise_std=0.005, audio_mask_ratio=0.03, uniform_ratio=0.7
DataLoaders Ready: Train=41, Dev=13, Test=27
[SEG] train_T=870, train_segment_len=0, eval_sliding=True, eval_stride=128
[Model] Fusion mode: late, sd=0.0, dropout=0.1
[EMA] USE_MODEL_EMA=True, decay=0.995
[AUG] DVLOG preset=weak, noise_std=0.005, audio_mask_ratio=0.03, uniform_ratio=0.7
[MIL] USE_SEGMENT_MIL=True, seg_len=300, k_train=4, k_eval=8, train_agg=weighted_mean, eval_agg=weighted_mean
[class_weight] counts=[272.0, 375.0]  weights=[1.0801090002059937, 0.9198910593986511]
[train/seed_42] LOSS_MODE=focal_no_pw  gamma=2.0  pos_weight=1.0 (disabled)
[train/seed_42] eff_lr=1.00e-04  (base_lr=1.00e-04, fusion_mode=late, LOSS_MODE=focal_no_pw)
[FaceValid][Train Epoch 1] valid_mean=0.754, low(<0.2)=0.246
[Recon][Epoch 1] recon_v_mse=0.276071  recon_g_mse=0.654861  recon_total_weighted=0.046547  recon_lam=0.05  steps=41
[SEG-CHECK][Epoch 1] seg_len_eff=870
[SEG-CHECK][Epoch 1] first_batch_T=870
[SEG-CHECK][Epoch 1] actual_lens_mean=512.78
[SW-CHECK][Epoch 1] sw_mean=0.8960, sw_lt1_ratio=0.1300
[FaceValid][Train Epoch 2] valid_mean=0.755, low(<0.2)=0.245
[Recon][Epoch 2] recon_v_mse=0.274506  recon_g_mse=0.606604  recon_total_weighted=0.044056  recon_lam=0.05  steps=41
[SEG-CHECK][Epoch 2] seg_len_eff=870
[SEG-CHECK][Epoch 2] first_batch_T=870
[SEG-CHECK][Epoch 2] actual_lens_mean=511.46
[SW-CHECK][Epoch 2] sw_mean=0.8944, sw_lt1_ratio=0.1320
[FaceValid][Train Epoch 3] valid_mean=0.751, low(<0.2)=0.249
[Recon][Epoch 3] recon_v_mse=0.320298  recon_g_mse=0.503986  recon_total_weighted=0.041214  recon_lam=0.05  steps=41
[SEG-CHECK][Epoch 3] seg_len_eff=870
[SEG-CHECK][Epoch 3] first_batch_T=870
[SEG-CHECK][Epoch 3] actual_lens_mean=509.92
[SW-CHECK][Epoch 3] sw_mean=0.8944, sw_lt1_ratio=0.1320
[FaceValid][Train Epoch 4] valid_mean=0.755, low(<0.2)=0.245
[Recon][Epoch 4] recon_v_mse=0.348200  recon_g_mse=0.350473  recon_total_weighted=0.034934  recon_lam=0.05  steps=41
[SEG-CHECK][Epoch 4] seg_len_eff=870
[SEG-CHECK][Epoch 4] first_batch_T=870
[SEG-CHECK][Epoch 4] actual_lens_mean=510.04
[SW-CHECK][Epoch 4] sw_mean=0.8976, sw_lt1_ratio=0.1280
[FaceValid][Train Epoch 5] valid_mean=0.755, low(<0.2)=0.245
[Recon][Epoch 5] recon_v_mse=0.321197  recon_g_mse=0.216663  recon_total_weighted=0.026893  recon_lam=0.05  steps=41
[SEG-CHECK][Epoch 5] seg_len_eff=870
[SEG-CHECK][Epoch 5] first_batch_T=870
[SEG-CHECK][Epoch 5] actual_lens_mean=510.44
[SW-CHECK][Epoch 5] sw_mean=0.8960, sw_lt1_ratio=0.1300
[FaceValid][Train Epoch 6] valid_mean=0.758, low(<0.2)=0.242
[Recon][Epoch 6] recon_v_mse=0.199348  recon_g_mse=0.125204  recon_total_weighted=0.016228  recon_lam=0.05  steps=41
[SEG-CHECK][Epoch 6] seg_len_eff=870
[SEG-CHECK][Epoch 6] first_batch_T=870
[SEG-CHECK][Epoch 6] actual_lens_mean=512.28
[SW-CHECK][Epoch 6] sw_mean=0.8976, sw_lt1_ratio=0.1280
[FaceValid][Train Epoch 7] valid_mean=0.750, low(<0.2)=0.250
[Recon][Epoch 7] recon_v_mse=0.164508  recon_g_mse=0.082468  recon_total_weighted=0.012349  recon_lam=0.05  steps=41
[SEG-CHECK][Epoch 7] seg_len_eff=870
[SEG-CHECK][Epoch 7] first_batch_T=870
[SEG-CHECK][Epoch 7] actual_lens_mean=510.68
[SW-CHECK][Epoch 7] sw_mean=0.8929, sw_lt1_ratio=0.1339
[FaceValid][Train Epoch 8] valid_mean=0.752, low(<0.2)=0.248
[Recon][Epoch 8] recon_v_mse=0.188609  recon_g_mse=0.059155  recon_total_weighted=0.012388  recon_lam=0.05  steps=41
[SEG-CHECK][Epoch 8] seg_len_eff=870
[SEG-CHECK][Epoch 8] first_batch_T=870
[SEG-CHECK][Epoch 8] actual_lens_mean=510.61
[SW-CHECK][Epoch 8] sw_mean=0.8944, sw_lt1_ratio=0.1320
[FaceValid][Train Epoch 9] valid_mean=0.748, low(<0.2)=0.252
[Recon][Epoch 9] recon_v_mse=0.178021  recon_g_mse=0.050044  recon_total_weighted=0.011403  recon_lam=0.05  steps=41
[SEG-CHECK][Epoch 9] seg_len_eff=870
[SEG-CHECK][Epoch 9] first_batch_T=870
[SEG-CHECK][Epoch 9] actual_lens_mean=511.79
[SW-CHECK][Epoch 9] sw_mean=0.8944, sw_lt1_ratio=0.1320
[FaceValid][Train Epoch 10] valid_mean=0.749, low(<0.2)=0.251
[Recon][Epoch 10] recon_v_mse=0.186266  recon_g_mse=0.043226  recon_total_weighted=0.011475  recon_lam=0.05  steps=41
[SEG-CHECK][Epoch 10] seg_len_eff=870
[SEG-CHECK][Epoch 10] first_batch_T=870
[SEG-CHECK][Epoch 10] actual_lens_mean=512.45
[SW-CHECK][Epoch 10] sw_mean=0.8944, sw_lt1_ratio=0.1320
*******dev********
[EVAL-PATH][dev] using _forward_fusion_eval_logits (sliding=True, seg_len=300, stride=128)
[EVAL-BATCH] T_cur=870, seg_len=300, max_valid_mean=616.12, actual_lens_mean=616.12, pad_ratio_excluded=0.2918
[EVAL-WINDOW] T_cur=870, seg_len=300, max_valid=420, pad_ratio_excluded=0.5172, starts=5, kept=4, min_valid_ratio=0.4, weighted=True

[DEV Epoch 10] Confusion Matrix (rows=true, cols=pred, label order [0,1]):
[[23 22]
 [ 9 48]]
[DEV] Class-0(Normal)    : P=0.7188  R=0.5111  F1=0.5974
[DEV] Class-1(Depression): P=0.6857  R=0.8421  F1=0.7559
[DEV] Macro              : P=0.7022  R=0.6766  F1=0.6767

[DEV] Threshold sweep: best_thr=0.49  sweep_F1=0.6819  argmax_F1=0.6767
  [BestModel] argmax_F1=0.6767 @epoch 10 | thr=0.49
Dev epoch:10, Loss:0.15758712303179961,Acc:69.60784149169922%
[ES] epoch=10 monitor=macro_f1 cur_macro_f1=0.6767 ema_macro_f1=0.6767 best_macro_f1=-inf improved=True
  [EMA] best_ema checkpoint saved at epoch 10 (EMA Macro-F1=0.6767)
[FaceValid][Train Epoch 11] valid_mean=0.751, low(<0.2)=0.249
[Recon][Epoch 11] recon_v_mse=0.182272  recon_g_mse=0.036994  recon_total_weighted=0.010963  recon_lam=0.05  steps=41
[SEG-CHECK][Epoch 11] seg_len_eff=870
[SEG-CHECK][Epoch 11] first_batch_T=870
[SEG-CHECK][Epoch 11] actual_lens_mean=510.97
[SW-CHECK][Epoch 11] sw_mean=0.8960, sw_lt1_ratio=0.1300
*******dev********
[EVAL-PATH][dev] using _forward_fusion_eval_logits (sliding=True, seg_len=300, stride=128)

[DEV Epoch 11] Confusion Matrix (rows=true, cols=pred, label order [0,1]):
[[27 18]
 [17 40]]
[DEV] Class-0(Normal)    : P=0.6136  R=0.6000  F1=0.6067
[DEV] Class-1(Depression): P=0.6897  R=0.7018  F1=0.6957
[DEV] Macro              : P=0.6516  R=0.6509  F1=0.6512

[DEV] Threshold sweep: best_thr=0.46  sweep_F1=0.6975  argmax_F1=0.6512
Dev epoch:11, Loss:0.15738319490964597,Acc:65.68627166748047%
[ES] epoch=11 monitor=macro_f1 cur_macro_f1=0.6512 ema_macro_f1=0.6690 best_macro_f1=0.6767 improved=False
[FaceValid][Train Epoch 12] valid_mean=0.756, low(<0.2)=0.244
[Recon][Epoch 12] recon_v_mse=0.173124  recon_g_mse=0.033659  recon_total_weighted=0.010339  recon_lam=0.05  steps=41
[SEG-CHECK][Epoch 12] seg_len_eff=870
[SEG-CHECK][Epoch 12] first_batch_T=870
[SEG-CHECK][Epoch 12] actual_lens_mean=510.80
[SW-CHECK][Epoch 12] sw_mean=0.8960, sw_lt1_ratio=0.1300
*******dev********
[EVAL-PATH][dev] using _forward_fusion_eval_logits (sliding=True, seg_len=300, stride=128)

[DEV Epoch 12] Confusion Matrix (rows=true, cols=pred, label order [0,1]):
[[22 23]
 [10 47]]
[DEV] Class-0(Normal)    : P=0.6875  R=0.4889  F1=0.5714
[DEV] Class-1(Depression): P=0.6714  R=0.8246  F1=0.7402
[DEV] Macro              : P=0.6795  R=0.6567  F1=0.6558

[DEV] Threshold sweep: best_thr=0.52  sweep_F1=0.6874  argmax_F1=0.6558
Dev epoch:12, Loss:0.15845046650904876,Acc:67.64705657958984%
[ES] epoch=12 monitor=macro_f1 cur_macro_f1=0.6558 ema_macro_f1=0.6650 best_macro_f1=0.6767 improved=False
[FaceValid][Train Epoch 13] valid_mean=0.752, low(<0.2)=0.248
[Recon][Epoch 13] recon_v_mse=0.133916  recon_g_mse=0.030970  recon_total_weighted=0.008244  recon_lam=0.05  steps=41
[SEG-CHECK][Epoch 13] seg_len_eff=870
[SEG-CHECK][Epoch 13] first_batch_T=870
[SEG-CHECK][Epoch 13] actual_lens_mean=507.47
[SW-CHECK][Epoch 13] sw_mean=0.8960, sw_lt1_ratio=0.1300
*******dev********
[EVAL-PATH][dev] using _forward_fusion_eval_logits (sliding=True, seg_len=300, stride=128)

[DEV Epoch 13] Confusion Matrix (rows=true, cols=pred, label order [0,1]):
[[21 24]
 [11 46]]
[DEV] Class-0(Normal)    : P=0.6562  R=0.4667  F1=0.5455
[DEV] Class-1(Depression): P=0.6571  R=0.8070  F1=0.7244
[DEV] Macro              : P=0.6567  R=0.6368  F1=0.6349

[DEV] Threshold sweep: best_thr=0.54  sweep_F1=0.6672  argmax_F1=0.6349
Dev epoch:13, Loss:0.1645324333355977,Acc:65.68627166748047%
[ES] epoch=13 monitor=macro_f1 cur_macro_f1=0.6349 ema_macro_f1=0.6560 best_macro_f1=0.6767 improved=False
[FaceValid][Train Epoch 14] valid_mean=0.755, low(<0.2)=0.245
[Recon][Epoch 14] recon_v_mse=0.116807  recon_g_mse=0.024995  recon_total_weighted=0.007090  recon_lam=0.05  steps=41
[SEG-CHECK][Epoch 14] seg_len_eff=870
[SEG-CHECK][Epoch 14] first_batch_T=870
[SEG-CHECK][Epoch 14] actual_lens_mean=508.81
[SW-CHECK][Epoch 14] sw_mean=0.8960, sw_lt1_ratio=0.1300
*******dev********
[EVAL-PATH][dev] using _forward_fusion_eval_logits (sliding=True, seg_len=300, stride=128)

[DEV Epoch 14] Confusion Matrix (rows=true, cols=pred, label order [0,1]):
[[29 16]
 [20 37]]
[DEV] Class-0(Normal)    : P=0.5918  R=0.6444  F1=0.6170
[DEV] Class-1(Depression): P=0.6981  R=0.6491  F1=0.6727
[DEV] Macro              : P=0.6450  R=0.6468  F1=0.6449

[DEV] Threshold sweep: best_thr=0.48  sweep_F1=0.6941  argmax_F1=0.6449
Dev epoch:14, Loss:0.160280476969022,Acc:64.70587921142578%
[ES] epoch=14 monitor=macro_f1 cur_macro_f1=0.6449 ema_macro_f1=0.6527 best_macro_f1=0.6767 improved=False
[FaceValid][Train Epoch 15] valid_mean=0.757, low(<0.2)=0.243
[Recon][Epoch 15] recon_v_mse=0.096874  recon_g_mse=0.024340  recon_total_weighted=0.006061  recon_lam=0.05  steps=41
[SEG-CHECK][Epoch 15] seg_len_eff=870
[SEG-CHECK][Epoch 15] first_batch_T=870
[SEG-CHECK][Epoch 15] actual_lens_mean=508.35
[SW-CHECK][Epoch 15] sw_mean=0.8976, sw_lt1_ratio=0.1280
*******dev********
[EVAL-PATH][dev] using _forward_fusion_eval_logits (sliding=True, seg_len=300, stride=128)

[DEV Epoch 15] Confusion Matrix (rows=true, cols=pred, label order [0,1]):
[[26 19]
 [13 44]]
[DEV] Class-0(Normal)    : P=0.6667  R=0.5778  F1=0.6190
[DEV] Class-1(Depression): P=0.6984  R=0.7719  F1=0.7333
[DEV] Macro              : P=0.6825  R=0.6749  F1=0.6762

[DEV] Threshold sweep: best_thr=0.50  sweep_F1=0.6762  argmax_F1=0.6762
Dev epoch:15, Loss:0.15803549725275773,Acc:68.62744903564453%
[ES] epoch=15 monitor=macro_f1 cur_macro_f1=0.6762 ema_macro_f1=0.6597 best_macro_f1=0.6767 improved=False
[FaceValid][Train Epoch 16] valid_mean=0.756, low(<0.2)=0.244
[Recon][Epoch 16] recon_v_mse=0.136159  recon_g_mse=0.029351  recon_total_weighted=0.008276  recon_lam=0.05  steps=41
[SEG-CHECK][Epoch 16] seg_len_eff=870
[SEG-CHECK][Epoch 16] first_batch_T=870
[SEG-CHECK][Epoch 16] actual_lens_mean=508.48
[SW-CHECK][Epoch 16] sw_mean=0.8976, sw_lt1_ratio=0.1280
*******dev********
[EVAL-PATH][dev] using _forward_fusion_eval_logits (sliding=True, seg_len=300, stride=128)

[DEV Epoch 16] Confusion Matrix (rows=true, cols=pred, label order [0,1]):
[[15 30]
 [ 5 52]]
[DEV] Class-0(Normal)    : P=0.7500  R=0.3333  F1=0.4615
[DEV] Class-1(Depression): P=0.6341  R=0.9123  F1=0.7482
[DEV] Macro              : P=0.6921  R=0.6228  F1=0.6049

[DEV] Threshold sweep: best_thr=0.52  sweep_F1=0.6591  argmax_F1=0.6049
Dev epoch:16, Loss:0.16124965766301522,Acc:65.68627166748047%
[ES] epoch=16 monitor=macro_f1 cur_macro_f1=0.6049 ema_macro_f1=0.6433 best_macro_f1=0.6767 improved=False
[FaceValid][Train Epoch 17] valid_mean=0.759, low(<0.2)=0.241
[Recon][Epoch 17] recon_v_mse=0.137768  recon_g_mse=0.028085  recon_total_weighted=0.008293  recon_lam=0.05  steps=41
[SEG-CHECK][Epoch 17] seg_len_eff=870
[SEG-CHECK][Epoch 17] first_batch_T=870
[SEG-CHECK][Epoch 17] actual_lens_mean=509.42
[SW-CHECK][Epoch 17] sw_mean=0.8976, sw_lt1_ratio=0.1280
*******dev********
[EVAL-PATH][dev] using _forward_fusion_eval_logits (sliding=True, seg_len=300, stride=128)

[DEV Epoch 17] Confusion Matrix (rows=true, cols=pred, label order [0,1]):
[[38  7]
 [34 23]]
[DEV] Class-0(Normal)    : P=0.5278  R=0.8444  F1=0.6496
[DEV] Class-1(Depression): P=0.7667  R=0.4035  F1=0.5287
[DEV] Macro              : P=0.6472  R=0.6240  F1=0.5892

[DEV] Threshold sweep: best_thr=0.32  sweep_F1=0.6566  argmax_F1=0.5892
Dev epoch:17, Loss:0.19976415714392295,Acc:59.80392074584961%
[ES] epoch=17 monitor=macro_f1 cur_macro_f1=0.5892 ema_macro_f1=0.6270 best_macro_f1=0.6767 improved=False
[FaceValid][Train Epoch 18] valid_mean=0.755, low(<0.2)=0.245
[Recon][Epoch 18] recon_v_mse=0.115595  recon_g_mse=0.023516  recon_total_weighted=0.006956  recon_lam=0.05  steps=41
[SEG-CHECK][Epoch 18] seg_len_eff=870
[SEG-CHECK][Epoch 18] first_batch_T=870
[SEG-CHECK][Epoch 18] actual_lens_mean=510.35
[SW-CHECK][Epoch 18] sw_mean=0.8960, sw_lt1_ratio=0.1300
*******dev********
[EVAL-PATH][dev] using _forward_fusion_eval_logits (sliding=True, seg_len=300, stride=128)

[DEV Epoch 18] Confusion Matrix (rows=true, cols=pred, label order [0,1]):
[[25 20]
 [13 44]]
[DEV] Class-0(Normal)    : P=0.6579  R=0.5556  F1=0.6024
[DEV] Class-1(Depression): P=0.6875  R=0.7719  F1=0.7273
[DEV] Macro              : P=0.6727  R=0.6637  F1=0.6648

[DEV] Threshold sweep: best_thr=0.53  sweep_F1=0.6852  argmax_F1=0.6648
Dev epoch:18, Loss:0.1599379961307232,Acc:67.64705657958984%
[ES] epoch=18 monitor=macro_f1 cur_macro_f1=0.6648 ema_macro_f1=0.6384 best_macro_f1=0.6767 improved=False
[FaceValid][Train Epoch 19] valid_mean=0.752, low(<0.2)=0.248
[Recon][Epoch 19] recon_v_mse=0.128489  recon_g_mse=0.025455  recon_total_weighted=0.007697  recon_lam=0.05  steps=41
[SEG-CHECK][Epoch 19] seg_len_eff=870
[SEG-CHECK][Epoch 19] first_batch_T=870
[SEG-CHECK][Epoch 19] actual_lens_mean=512.37
[SW-CHECK][Epoch 19] sw_mean=0.8929, sw_lt1_ratio=0.1339
*******dev********
[EVAL-PATH][dev] using _forward_fusion_eval_logits (sliding=True, seg_len=300, stride=128)

[DEV Epoch 19] Confusion Matrix (rows=true, cols=pred, label order [0,1]):
[[25 20]
 [10 47]]
[DEV] Class-0(Normal)    : P=0.7143  R=0.5556  F1=0.6250
[DEV] Class-1(Depression): P=0.7015  R=0.8246  F1=0.7581
[DEV] Macro              : P=0.7079  R=0.6901  F1=0.6915

[DEV] Threshold sweep: best_thr=0.50  sweep_F1=0.6915  argmax_F1=0.6915
  [BestModel] argmax_F1=0.6915 @epoch 19 | thr=0.50
Dev epoch:19, Loss:0.15548652525131518,Acc:70.5882339477539%
[ES] epoch=19 monitor=macro_f1 cur_macro_f1=0.6915 ema_macro_f1=0.6543 best_macro_f1=0.6767 improved=False
[FaceValid][Train Epoch 20] valid_mean=0.753, low(<0.2)=0.247
[Recon][Epoch 20] recon_v_mse=0.120896  recon_g_mse=0.029046  recon_total_weighted=0.007497  recon_lam=0.05  steps=41
[SEG-CHECK][Epoch 20] seg_len_eff=870
[SEG-CHECK][Epoch 20] first_batch_T=870
[SEG-CHECK][Epoch 20] actual_lens_mean=508.84
[SW-CHECK][Epoch 20] sw_mean=0.8976, sw_lt1_ratio=0.1280
*******dev********
[EVAL-PATH][dev] using _forward_fusion_eval_logits (sliding=True, seg_len=300, stride=128)

[DEV Epoch 20] Confusion Matrix (rows=true, cols=pred, label order [0,1]):
[[18 27]
 [10 47]]
[DEV] Class-0(Normal)    : P=0.6429  R=0.4000  F1=0.4932
[DEV] Class-1(Depression): P=0.6351  R=0.8246  F1=0.7176
[DEV] Macro              : P=0.6390  R=0.6123  F1=0.6054

[DEV] Threshold sweep: best_thr=0.54  sweep_F1=0.6421  argmax_F1=0.6054
Dev epoch:20, Loss:0.16785921901464462,Acc:63.72549057006836%
[ES] epoch=20 monitor=macro_f1 cur_macro_f1=0.6054 ema_macro_f1=0.6396 best_macro_f1=0.6767 improved=False
[FaceValid][Train Epoch 21] valid_mean=0.752, low(<0.2)=0.248
[Recon][Epoch 21] recon_v_mse=0.099864  recon_g_mse=0.025045  recon_total_weighted=0.006245  recon_lam=0.05  steps=41
[SEG-CHECK][Epoch 21] seg_len_eff=870
[SEG-CHECK][Epoch 21] first_batch_T=870
[SEG-CHECK][Epoch 21] actual_lens_mean=510.04
[SW-CHECK][Epoch 21] sw_mean=0.8976, sw_lt1_ratio=0.1280
*******dev********
[EVAL-PATH][dev] using _forward_fusion_eval_logits (sliding=True, seg_len=300, stride=128)

[DEV Epoch 21] Confusion Matrix (rows=true, cols=pred, label order [0,1]):
[[29 16]
 [21 36]]
[DEV] Class-0(Normal)    : P=0.5800  R=0.6444  F1=0.6105
[DEV] Class-1(Depression): P=0.6923  R=0.6316  F1=0.6606
[DEV] Macro              : P=0.6362  R=0.6380  F1=0.6355

[DEV] Threshold sweep: best_thr=0.47  sweep_F1=0.6727  argmax_F1=0.6355
Dev epoch:21, Loss:0.1703998979467612,Acc:63.72549057006836%
[ES] epoch=21 monitor=macro_f1 cur_macro_f1=0.6355 ema_macro_f1=0.6384 best_macro_f1=0.6767 improved=False
[FaceValid][Train Epoch 22] valid_mean=0.752, low(<0.2)=0.248
[Recon][Epoch 22] recon_v_mse=0.117552  recon_g_mse=0.024033  recon_total_weighted=0.007079  recon_lam=0.05  steps=41
[SEG-CHECK][Epoch 22] seg_len_eff=870
[SEG-CHECK][Epoch 22] first_batch_T=870
[SEG-CHECK][Epoch 22] actual_lens_mean=510.57
[SW-CHECK][Epoch 22] sw_mean=0.8960, sw_lt1_ratio=0.1300
*******dev********
[EVAL-PATH][dev] using _forward_fusion_eval_logits (sliding=True, seg_len=300, stride=128)

[DEV Epoch 22] Confusion Matrix (rows=true, cols=pred, label order [0,1]):
[[32 13]
 [25 32]]
[DEV] Class-0(Normal)    : P=0.5614  R=0.7111  F1=0.6275
[DEV] Class-1(Depression): P=0.7111  R=0.5614  F1=0.6275
[DEV] Macro              : P=0.6363  R=0.6363  F1=0.6275

[DEV] Threshold sweep: best_thr=0.46  sweep_F1=0.6693  argmax_F1=0.6275
Dev epoch:22, Loss:0.16601272213917512,Acc:62.74509811401367%
[ES] epoch=22 monitor=macro_f1 cur_macro_f1=0.6275 ema_macro_f1=0.6351 best_macro_f1=0.6767 improved=False
[FaceValid][Train Epoch 23] valid_mean=0.754, low(<0.2)=0.246
[Recon][Epoch 23] recon_v_mse=0.099716  recon_g_mse=0.022762  recon_total_weighted=0.006124  recon_lam=0.05  steps=41
[SEG-CHECK][Epoch 23] seg_len_eff=870
[SEG-CHECK][Epoch 23] first_batch_T=870
[SEG-CHECK][Epoch 23] actual_lens_mean=512.18
[SW-CHECK][Epoch 23] sw_mean=0.8976, sw_lt1_ratio=0.1280
*******dev********
[EVAL-PATH][dev] using _forward_fusion_eval_logits (sliding=True, seg_len=300, stride=128)

[DEV Epoch 23] Confusion Matrix (rows=true, cols=pred, label order [0,1]):
[[28 17]
 [17 40]]
[DEV] Class-0(Normal)    : P=0.6222  R=0.6222  F1=0.6222
[DEV] Class-1(Depression): P=0.7018  R=0.7018  F1=0.7018
[DEV] Macro              : P=0.6620  R=0.6620  F1=0.6620

[DEV] Threshold sweep: best_thr=0.47  sweep_F1=0.6762  argmax_F1=0.6620
Dev epoch:23, Loss:0.16905864442770296,Acc:66.66666412353516%
[ES] epoch=23 monitor=macro_f1 cur_macro_f1=0.6620 ema_macro_f1=0.6432 best_macro_f1=0.6767 improved=False
[FaceValid][Train Epoch 24] valid_mean=0.753, low(<0.2)=0.247
[Recon][Epoch 24] recon_v_mse=0.104914  recon_g_mse=0.025513  recon_total_weighted=0.006521  recon_lam=0.05  steps=41
[SEG-CHECK][Epoch 24] seg_len_eff=870
[SEG-CHECK][Epoch 24] first_batch_T=870
[SEG-CHECK][Epoch 24] actual_lens_mean=509.61
[SW-CHECK][Epoch 24] sw_mean=0.8960, sw_lt1_ratio=0.1300
*******dev********
[EVAL-PATH][dev] using _forward_fusion_eval_logits (sliding=True, seg_len=300, stride=128)

[DEV Epoch 24] Confusion Matrix (rows=true, cols=pred, label order [0,1]):
[[22 23]
 [12 45]]
[DEV] Class-0(Normal)    : P=0.6471  R=0.4889  F1=0.5570
[DEV] Class-1(Depression): P=0.6618  R=0.7895  F1=0.7200
[DEV] Macro              : P=0.6544  R=0.6392  F1=0.6385

[DEV] Threshold sweep: best_thr=0.56  sweep_F1=0.6757  argmax_F1=0.6385
Dev epoch:24, Loss:0.1742916273382994,Acc:65.68627166748047%
[ES] epoch=24 monitor=macro_f1 cur_macro_f1=0.6385 ema_macro_f1=0.6418 best_macro_f1=0.6767 improved=False
[FaceValid][Train Epoch 25] valid_mean=0.756, low(<0.2)=0.244
[Recon][Epoch 25] recon_v_mse=0.110115  recon_g_mse=0.028023  recon_total_weighted=0.006907  recon_lam=0.05  steps=41
[SEG-CHECK][Epoch 25] seg_len_eff=870
[SEG-CHECK][Epoch 25] first_batch_T=870
[SEG-CHECK][Epoch 25] actual_lens_mean=513.03
[SW-CHECK][Epoch 25] sw_mean=0.8976, sw_lt1_ratio=0.1280
*******dev********
[EVAL-PATH][dev] using _forward_fusion_eval_logits (sliding=True, seg_len=300, stride=128)

[DEV Epoch 25] Confusion Matrix (rows=true, cols=pred, label order [0,1]):
[[33 12]
 [24 33]]
[DEV] Class-0(Normal)    : P=0.5789  R=0.7333  F1=0.6471
[DEV] Class-1(Depression): P=0.7333  R=0.5789  F1=0.6471
[DEV] Macro              : P=0.6561  R=0.6561  F1=0.6471

[DEV] Threshold sweep: best_thr=0.49  sweep_F1=0.6568  argmax_F1=0.6471
Dev epoch:25, Loss:0.18535631150007248,Acc:64.70587921142578%
[ES] epoch=25 monitor=macro_f1 cur_macro_f1=0.6471 ema_macro_f1=0.6434 best_macro_f1=0.6767 improved=False
[FaceValid][Train Epoch 26] valid_mean=0.754, low(<0.2)=0.246
[Recon][Epoch 26] recon_v_mse=0.091734  recon_g_mse=0.027063  recon_total_weighted=0.005940  recon_lam=0.05  steps=41
[SEG-CHECK][Epoch 26] seg_len_eff=870
[SEG-CHECK][Epoch 26] first_batch_T=870
[SEG-CHECK][Epoch 26] actual_lens_mean=510.53
[SW-CHECK][Epoch 26] sw_mean=0.8960, sw_lt1_ratio=0.1300
*******dev********
[EVAL-PATH][dev] using _forward_fusion_eval_logits (sliding=True, seg_len=300, stride=128)

[DEV Epoch 26] Confusion Matrix (rows=true, cols=pred, label order [0,1]):
[[25 20]
 [16 41]]
[DEV] Class-0(Normal)    : P=0.6098  R=0.5556  F1=0.5814
[DEV] Class-1(Depression): P=0.6721  R=0.7193  F1=0.6949
[DEV] Macro              : P=0.6409  R=0.6374  F1=0.6382

[DEV] Threshold sweep: best_thr=0.56  sweep_F1=0.6665  argmax_F1=0.6382
Dev epoch:26, Loss:0.17111395242122504,Acc:64.70587921142578%
[ES] epoch=26 monitor=macro_f1 cur_macro_f1=0.6382 ema_macro_f1=0.6418 best_macro_f1=0.6767 improved=False
[FaceValid][Train Epoch 27] valid_mean=0.755, low(<0.2)=0.245
[Recon][Epoch 27] recon_v_mse=0.082663  recon_g_mse=0.030333  recon_total_weighted=0.005650  recon_lam=0.05  steps=41
[SEG-CHECK][Epoch 27] seg_len_eff=870
[SEG-CHECK][Epoch 27] first_batch_T=870
[SEG-CHECK][Epoch 27] actual_lens_mean=510.80
[SW-CHECK][Epoch 27] sw_mean=0.8976, sw_lt1_ratio=0.1280
*******dev********
[EVAL-PATH][dev] using _forward_fusion_eval_logits (sliding=True, seg_len=300, stride=128)

[DEV Epoch 27] Confusion Matrix (rows=true, cols=pred, label order [0,1]):
[[37  8]
 [36 21]]
[DEV] Class-0(Normal)    : P=0.5068  R=0.8222  F1=0.6271
[DEV] Class-1(Depression): P=0.7241  R=0.3684  F1=0.4884
[DEV] Macro              : P=0.6155  R=0.5953  F1=0.5577

[DEV] Threshold sweep: best_thr=0.42  sweep_F1=0.6603  argmax_F1=0.5577
Dev epoch:27, Loss:0.19458351914699262,Acc:56.86274337768555%
[ES] epoch=27 monitor=macro_f1 cur_macro_f1=0.5577 ema_macro_f1=0.6166 best_macro_f1=0.6767 improved=False
[FaceValid][Train Epoch 28] valid_mean=0.756, low(<0.2)=0.244
[Recon][Epoch 28] recon_v_mse=0.086352  recon_g_mse=0.033817  recon_total_weighted=0.006008  recon_lam=0.05  steps=41
[SEG-CHECK][Epoch 28] seg_len_eff=870
[SEG-CHECK][Epoch 28] first_batch_T=870
[SEG-CHECK][Epoch 28] actual_lens_mean=511.38
[SW-CHECK][Epoch 28] sw_mean=0.8976, sw_lt1_ratio=0.1280
*******dev********
[EVAL-PATH][dev] using _forward_fusion_eval_logits (sliding=True, seg_len=300, stride=128)

[DEV Epoch 28] Confusion Matrix (rows=true, cols=pred, label order [0,1]):
[[30 15]
 [18 39]]
[DEV] Class-0(Normal)    : P=0.6250  R=0.6667  F1=0.6452
[DEV] Class-1(Depression): P=0.7222  R=0.6842  F1=0.7027
[DEV] Macro              : P=0.6736  R=0.6754  F1=0.6739

[DEV] Threshold sweep: best_thr=0.50  sweep_F1=0.6739  argmax_F1=0.6739
Dev epoch:28, Loss:0.18033644900872156,Acc:67.64705657958984%
[ES] epoch=28 monitor=macro_f1 cur_macro_f1=0.6739 ema_macro_f1=0.6338 best_macro_f1=0.6767 improved=False
[FaceValid][Train Epoch 29] valid_mean=0.756, low(<0.2)=0.244
[Recon][Epoch 29] recon_v_mse=0.097730  recon_g_mse=0.029031  recon_total_weighted=0.006338  recon_lam=0.05  steps=41
[SEG-CHECK][Epoch 29] seg_len_eff=870
[SEG-CHECK][Epoch 29] first_batch_T=870
[SEG-CHECK][Epoch 29] actual_lens_mean=510.90
[SW-CHECK][Epoch 29] sw_mean=0.8976, sw_lt1_ratio=0.1280
*******dev********
[EVAL-PATH][dev] using _forward_fusion_eval_logits (sliding=True, seg_len=300, stride=128)

[DEV Epoch 29] Confusion Matrix (rows=true, cols=pred, label order [0,1]):
[[26 19]
 [14 43]]
[DEV] Class-0(Normal)    : P=0.6500  R=0.5778  F1=0.6118
[DEV] Class-1(Depression): P=0.6935  R=0.7544  F1=0.7227
[DEV] Macro              : P=0.6718  R=0.6661  F1=0.6672

[DEV] Threshold sweep: best_thr=0.50  sweep_F1=0.6672  argmax_F1=0.6672
Dev epoch:29, Loss:0.1630730273631903,Acc:67.64705657958984%
[ES] epoch=29 monitor=macro_f1 cur_macro_f1=0.6672 ema_macro_f1=0.6438 best_macro_f1=0.6767 improved=False
[FaceValid][Train Epoch 30] valid_mean=0.756, low(<0.2)=0.244
[Recon][Epoch 30] recon_v_mse=0.094303  recon_g_mse=0.030029  recon_total_weighted=0.006217  recon_lam=0.05  steps=41
[SEG-CHECK][Epoch 30] seg_len_eff=870
[SEG-CHECK][Epoch 30] first_batch_T=870
[SEG-CHECK][Epoch 30] actual_lens_mean=510.63
[SW-CHECK][Epoch 30] sw_mean=0.8976, sw_lt1_ratio=0.1280
*******dev********
[EVAL-PATH][dev] using _forward_fusion_eval_logits (sliding=True, seg_len=300, stride=128)

[DEV Epoch 30] Confusion Matrix (rows=true, cols=pred, label order [0,1]):
[[21 24]
 [12 45]]
[DEV] Class-0(Normal)    : P=0.6364  R=0.4667  F1=0.5385
[DEV] Class-1(Depression): P=0.6522  R=0.7895  F1=0.7143
[DEV] Macro              : P=0.6443  R=0.6281  F1=0.6264

[DEV] Threshold sweep: best_thr=0.54  sweep_F1=0.6512  argmax_F1=0.6264
Dev epoch:30, Loss:0.1731149313541559,Acc:64.70587921142578%
[ES] epoch=30 monitor=macro_f1 cur_macro_f1=0.6264 ema_macro_f1=0.6386 best_macro_f1=0.6767 improved=False
Early stopping triggered! (EMA Macro-F1=0.6386)
Training Finished. Loading Best Model for Final Testing...
Successfully loaded EMA model (epoch 10) from models/DVLOG_late_03_08__20_26/seed_42/best_ema_model.pth
[Test] Loaded sweep threshold: 0.49  (sweep_F1=0.6819)
******* FINAL TEST ********
[EVAL-PATH][test] using _forward_fusion_eval_logits (sliding=True, seg_len=300, stride=128)
Final Test Accuracy: 66.98%
--- Fold Final Metrics ---
Acc: 66.98%, Precision: 0.6956, Recall: 0.6698, F1: 0.6305
[set_all_seeds] seed=43, cudnn.deterministic=True, strict_deterministic_algos=True

==================== Seed 43 ====================
[ES-INIT] monitor=macro_f1 best_monitor=-inf ema_monitor=-inf ema_loss_val=None
[IMPORT-CHECK] MultiModalDataLoader from /root/autodl-tmp/LMVD_new/model/vitGCN/kfoldLoader_multimodal.py
[IMPORT-CHECK] collate_fn_multimodal from /root/autodl-tmp/LMVD_new/model/vitGCN/kfoldLoader_multimodal.py
[IMPORT-CHECK] ViT_GCN_Fusion from /root/autodl-tmp/LMVD_new/model/vitGCN/Vit_gcnmodel.py
[IMPORT-CHECK] MultiModalDataLoader.__init__ signature: (self, file_list, video_feature_path, audio_feature_path, face_landmark_path, label_path, T_target=915, mode='train', dataset='LMVD', uniform_ratio=0.5, dvlog_aug_noise_std=0.005, dvlog_audio_mask_ratio=0.03, segment_len=0)
[IMPORT-CHECK] FocalBCELoss.forward signature: (self, logits, target, sample_weight=None)
[MultiModalDataLoader] DVLOG 标签已缓存: 961 条
[MultiModalDataLoader] DVLOG aug config: noise_std=0.005, audio_mask_ratio=0.03, uniform_ratio=0.7
[MultiModalDataLoader] DVLOG 标签已缓存: 961 条
[MultiModalDataLoader] DVLOG aug config: noise_std=0.005, audio_mask_ratio=0.03, uniform_ratio=0.7
[MultiModalDataLoader] DVLOG 标签已缓存: 961 条
[MultiModalDataLoader] DVLOG aug config: noise_std=0.005, audio_mask_ratio=0.03, uniform_ratio=0.7
DataLoaders Ready: Train=41, Dev=13, Test=27
[SEG] train_T=870, train_segment_len=0, eval_sliding=True, eval_stride=128
[Model] Fusion mode: late, sd=0.0, dropout=0.1
[EMA] USE_MODEL_EMA=True, decay=0.995
[AUG] DVLOG preset=weak, noise_std=0.005, audio_mask_ratio=0.03, uniform_ratio=0.7
[MIL] USE_SEGMENT_MIL=True, seg_len=300, k_train=4, k_eval=8, train_agg=weighted_mean, eval_agg=weighted_mean
[class_weight] counts=[272.0, 375.0]  weights=[1.0801090002059937, 0.9198910593986511]
[train/seed_43] LOSS_MODE=focal_no_pw  gamma=2.0  pos_weight=1.0 (disabled)
[train/seed_43] eff_lr=1.00e-04  (base_lr=1.00e-04, fusion_mode=late, LOSS_MODE=focal_no_pw)
[FaceValid][Train Epoch 1] valid_mean=0.755, low(<0.2)=0.245
[Recon][Epoch 1] recon_v_mse=0.284829  recon_g_mse=0.710517  recon_total_weighted=0.049767  recon_lam=0.05  steps=41
[SEG-CHECK][Epoch 1] seg_len_eff=870
[SEG-CHECK][Epoch 1] first_batch_T=870
[SEG-CHECK][Epoch 1] actual_lens_mean=511.22
[SW-CHECK][Epoch 1] sw_mean=0.8976, sw_lt1_ratio=0.1280
[FaceValid][Train Epoch 2] valid_mean=0.753, low(<0.2)=0.247
[Recon][Epoch 2] recon_v_mse=0.299274  recon_g_mse=0.659946  recon_total_weighted=0.047961  recon_lam=0.05  steps=41
[SEG-CHECK][Epoch 2] seg_len_eff=870
[SEG-CHECK][Epoch 2] first_batch_T=870
[SEG-CHECK][Epoch 2] actual_lens_mean=513.20
[SW-CHECK][Epoch 2] sw_mean=0.8976, sw_lt1_ratio=0.1280
[FaceValid][Train Epoch 3] valid_mean=0.750, low(<0.2)=0.250
[Recon][Epoch 3] recon_v_mse=0.357514  recon_g_mse=0.549007  recon_total_weighted=0.045326  recon_lam=0.05  steps=41
[SEG-CHECK][Epoch 3] seg_len_eff=870
[SEG-CHECK][Epoch 3] first_batch_T=870
[SEG-CHECK][Epoch 3] actual_lens_mean=508.52
[SW-CHECK][Epoch 3] sw_mean=0.8960, sw_lt1_ratio=0.1300
[FaceValid][Train Epoch 4] valid_mean=0.754, low(<0.2)=0.246
[Recon][Epoch 4] recon_v_mse=0.379620  recon_g_mse=0.425485  recon_total_weighted=0.040255  recon_lam=0.05  steps=41
[SEG-CHECK][Epoch 4] seg_len_eff=870
[SEG-CHECK][Epoch 4] first_batch_T=870
[SEG-CHECK][Epoch 4] actual_lens_mean=511.72
[SW-CHECK][Epoch 4] sw_mean=0.8960, sw_lt1_ratio=0.1300
[FaceValid][Train Epoch 5] valid_mean=0.755, low(<0.2)=0.245
[Recon][Epoch 5] recon_v_mse=0.333599  recon_g_mse=0.297218  recon_total_weighted=0.031541  recon_lam=0.05  steps=41
[SEG-CHECK][Epoch 5] seg_len_eff=870
[SEG-CHECK][Epoch 5] first_batch_T=870
[SEG-CHECK][Epoch 5] actual_lens_mean=510.98
[SW-CHECK][Epoch 5] sw_mean=0.8976, sw_lt1_ratio=0.1280
[FaceValid][Train Epoch 6] valid_mean=0.753, low(<0.2)=0.247
[Recon][Epoch 6] recon_v_mse=0.213419  recon_g_mse=0.176441  recon_total_weighted=0.019493  recon_lam=0.05  steps=41
[SEG-CHECK][Epoch 6] seg_len_eff=870
[SEG-CHECK][Epoch 6] first_batch_T=870
[SEG-CHECK][Epoch 6] actual_lens_mean=509.01
[SW-CHECK][Epoch 6] sw_mean=0.8960, sw_lt1_ratio=0.1300
[FaceValid][Train Epoch 7] valid_mean=0.755, low(<0.2)=0.245
[Recon][Epoch 7] recon_v_mse=0.156524  recon_g_mse=0.119119  recon_total_weighted=0.013782  recon_lam=0.05  steps=41
[SEG-CHECK][Epoch 7] seg_len_eff=870
[SEG-CHECK][Epoch 7] first_batch_T=870
[SEG-CHECK][Epoch 7] actual_lens_mean=510.53
[SW-CHECK][Epoch 7] sw_mean=0.8976, sw_lt1_ratio=0.1280
[FaceValid][Train Epoch 8] valid_mean=0.755, low(<0.2)=0.245
[Recon][Epoch 8] recon_v_mse=0.174346  recon_g_mse=0.079069  recon_total_weighted=0.012671  recon_lam=0.05  steps=41
[SEG-CHECK][Epoch 8] seg_len_eff=870
[SEG-CHECK][Epoch 8] first_batch_T=870
[SEG-CHECK][Epoch 8] actual_lens_mean=510.12
[SW-CHECK][Epoch 8] sw_mean=0.8960, sw_lt1_ratio=0.1300
[FaceValid][Train Epoch 9] valid_mean=0.758, low(<0.2)=0.242
[Recon][Epoch 9] recon_v_mse=0.186693  recon_g_mse=0.058383  recon_total_weighted=0.012254  recon_lam=0.05  steps=41
[SEG-CHECK][Epoch 9] seg_len_eff=870
[SEG-CHECK][Epoch 9] first_batch_T=870
[SEG-CHECK][Epoch 9] actual_lens_mean=510.18
[SW-CHECK][Epoch 9] sw_mean=0.8960, sw_lt1_ratio=0.1300
[FaceValid][Train Epoch 10] valid_mean=0.757, low(<0.2)=0.243
[Recon][Epoch 10] recon_v_mse=0.206814  recon_g_mse=0.044161  recon_total_weighted=0.012549  recon_lam=0.05  steps=41
[SEG-CHECK][Epoch 10] seg_len_eff=870
[SEG-CHECK][Epoch 10] first_batch_T=870
[SEG-CHECK][Epoch 10] actual_lens_mean=508.88
[SW-CHECK][Epoch 10] sw_mean=0.8976, sw_lt1_ratio=0.1280
*******dev********
[EVAL-PATH][dev] using _forward_fusion_eval_logits (sliding=True, seg_len=300, stride=128)
[EVAL-BATCH] T_cur=870, seg_len=300, max_valid_mean=616.12, actual_lens_mean=616.12, pad_ratio_excluded=0.2918
[EVAL-WINDOW] T_cur=870, seg_len=300, max_valid=420, pad_ratio_excluded=0.5172, starts=5, kept=4, min_valid_ratio=0.4, weighted=True

[DEV Epoch 10] Confusion Matrix (rows=true, cols=pred, label order [0,1]):
[[21 24]
 [12 45]]
[DEV] Class-0(Normal)    : P=0.6364  R=0.4667  F1=0.5385
[DEV] Class-1(Depression): P=0.6522  R=0.7895  F1=0.7143
[DEV] Macro              : P=0.6443  R=0.6281  F1=0.6264

[DEV] Threshold sweep: best_thr=0.51  sweep_F1=0.6357  argmax_F1=0.6264
  [BestModel] argmax_F1=0.6264 @epoch 10 | thr=0.51
Dev epoch:10, Loss:0.1655280039860652,Acc:64.70587921142578%
[ES] epoch=10 monitor=macro_f1 cur_macro_f1=0.6264 ema_macro_f1=0.6264 best_macro_f1=-inf improved=True
  [EMA] best_ema checkpoint saved at epoch 10 (EMA Macro-F1=0.6264)
[FaceValid][Train Epoch 11] valid_mean=0.753, low(<0.2)=0.247
[Recon][Epoch 11] recon_v_mse=0.194093  recon_g_mse=0.041689  recon_total_weighted=0.011789  recon_lam=0.05  steps=41
[SEG-CHECK][Epoch 11] seg_len_eff=870
[SEG-CHECK][Epoch 11] first_batch_T=870
[SEG-CHECK][Epoch 11] actual_lens_mean=511.01
[SW-CHECK][Epoch 11] sw_mean=0.8944, sw_lt1_ratio=0.1320
*******dev********
[EVAL-PATH][dev] using _forward_fusion_eval_logits (sliding=True, seg_len=300, stride=128)

[DEV Epoch 11] Confusion Matrix (rows=true, cols=pred, label order [0,1]):
[[17 28]
 [ 6 51]]
[DEV] Class-0(Normal)    : P=0.7391  R=0.3778  F1=0.5000
[DEV] Class-1(Depression): P=0.6456  R=0.8947  F1=0.7500
[DEV] Macro              : P=0.6924  R=0.6363  F1=0.6250

[DEV] Threshold sweep: best_thr=0.55  sweep_F1=0.6894  argmax_F1=0.6250
Dev epoch:11, Loss:0.15890008039199388,Acc:66.66666412353516%
[ES] epoch=11 monitor=macro_f1 cur_macro_f1=0.6250 ema_macro_f1=0.6260 best_macro_f1=0.6264 improved=False
[FaceValid][Train Epoch 12] valid_mean=0.754, low(<0.2)=0.246
[Recon][Epoch 12] recon_v_mse=0.144691  recon_g_mse=0.030465  recon_total_weighted=0.008758  recon_lam=0.05  steps=41
[SEG-CHECK][Epoch 12] seg_len_eff=870
[SEG-CHECK][Epoch 12] first_batch_T=870
[SEG-CHECK][Epoch 12] actual_lens_mean=511.20
[SW-CHECK][Epoch 12] sw_mean=0.8976, sw_lt1_ratio=0.1280
*******dev********
